2020-01-28 05:16:39,736  WARN TransitRouterConfig:123 more routing params for non_network_walk are not provided; trying to fall back on regular walk parameters
2020-01-28 05:16:46,802  WARN PrepareForSimImpl:191 'usePersonIdForMissingVehicleId' is deprecated. It will be removed soon.
2020-01-28 05:16:47,946  WARN ObjectAttributesConverter:75 No AttributeConverter found for class java.util.HashMap. Not all attribute values can be converted.
2020-01-28 05:16:59,635 ERROR TransitAgentImpl:99 pt-leg has no TransitRoute. Removing agent from simulation. Agent 1255179600
2020-01-28 05:16:59,636 ERROR TransitQSimEngine:176 pt-agent doesn't know to what transit stop to go. Removing agent from simulation. Agent 1255179600
2020-01-28 05:17:00,038 ERROR TransitAgentImpl:99 pt-leg has no TransitRoute. Removing agent from simulation. Agent 1558558500
2020-01-28 05:17:00,040 ERROR TransitQSimEngine:176 pt-agent doesn't know to what transit stop to go. Removing agent from simulation. Agent 1558558500
2020-01-28 05:17:01,974 ERROR TransitAgentImpl:99 pt-leg has no TransitRoute. Removing agent from simulation. Agent 1344936700
2020-01-28 05:17:01,975 ERROR TransitQSimEngine:176 pt-agent doesn't know to what transit stop to go. Removing agent from simulation. Agent 1344936700
2020-01-28 05:17:02,226 ERROR TransitAgentImpl:99 pt-leg has no TransitRoute. Removing agent from simulation. Agent 1552656100
2020-01-28 05:17:02,227 ERROR TransitQSimEngine:176 pt-agent doesn't know to what transit stop to go. Removing agent from simulation. Agent 1552656100
2020-01-28 05:17:03,057 ERROR TransitAgentImpl:99 pt-leg has no TransitRoute. Removing agent from simulation. Agent 1217307500
2020-01-28 05:17:03,057 ERROR TransitQSimEngine:176 pt-agent doesn't know to what transit stop to go. Removing agent from simulation. Agent 1217307500
2020-01-28 05:17:03,483 ERROR TransitAgentImpl:99 pt-leg has no TransitRoute. Removing agent from simulation. Agent 1088459100
2020-01-28 05:17:03,484 ERROR TransitQSimEngine:176 pt-agent doesn't know to what transit stop to go. Removing agent from simulation. Agent 1088459100
2020-01-28 05:17:03,704 ERROR TransitAgentImpl:99 pt-leg has no TransitRoute. Removing agent from simulation. Agent 923040100
2020-01-28 05:17:03,704 ERROR TransitQSimEngine:176 pt-agent doesn't know to what transit stop to go. Removing agent from simulation. Agent 923040100
2020-01-28 05:17:04,115 ERROR TransitAgentImpl:99 pt-leg has no TransitRoute. Removing agent from simulation. Agent 982409300
2020-01-28 05:17:04,115 ERROR TransitQSimEngine:176 pt-agent doesn't know to what transit stop to go. Removing agent from simulation. Agent 982409300
2020-01-28 05:17:04,372 ERROR TransitAgentImpl:99 pt-leg has no TransitRoute. Removing agent from simulation. Agent 1566653800
2020-01-28 05:17:04,372 ERROR TransitQSimEngine:176 pt-agent doesn't know to what transit stop to go. Removing agent from simulation. Agent 1566653800
2020-01-28 05:17:05,141 ERROR TransitAgentImpl:99 pt-leg has no TransitRoute. Removing agent from simulation. Agent 872884100
2020-01-28 05:17:05,141 ERROR TransitQSimEngine:176 pt-agent doesn't know to what transit stop to go. Removing agent from simulation. Agent 872884100
2020-01-28 05:17:06,379 ERROR TransitAgentImpl:99 pt-leg has no TransitRoute. Removing agent from simulation. Agent 1037572000
2020-01-28 05:17:06,379 ERROR TransitQSimEngine:176 pt-agent doesn't know to what transit stop to go. Removing agent from simulation. Agent 1037572000
2020-01-28 05:17:06,416 ERROR TransitAgentImpl:99 pt-leg has no TransitRoute. Removing agent from simulation. Agent 1576858300
2020-01-28 05:17:06,416 ERROR TransitQSimEngine:176 pt-agent doesn't know to what transit stop to go. Removing agent from simulation. Agent 1576858300
2020-01-28 05:17:07,704 ERROR TransitAgentImpl:99 pt-leg has no TransitRoute. Removing agent from simulation. Agent 867055800
2020-01-28 05:17:07,705 ERROR TransitQSimEngine:176 pt-agent doesn't know to what transit stop to go. Removing agent from simulation. Agent 867055800
2020-01-28 05:17:07,870 ERROR TransitAgentImpl:99 pt-leg has no TransitRoute. Removing agent from simulation. Agent 1059140500
2020-01-28 05:17:07,871 ERROR TransitQSimEngine:176 pt-agent doesn't know to what transit stop to go. Removing agent from simulation. Agent 1059140500
2020-01-28 05:17:07,953 ERROR TransitAgentImpl:99 pt-leg has no TransitRoute. Removing agent from simulation. Agent 1007897600
2020-01-28 05:17:07,953 ERROR TransitQSimEngine:176 pt-agent doesn't know to what transit stop to go. Removing agent from simulation. Agent 1007897600
2020-01-28 05:17:08,200 ERROR TransitAgentImpl:99 pt-leg has no TransitRoute. Removing agent from simulation. Agent 988139800
2020-01-28 05:17:08,200 ERROR TransitQSimEngine:176 pt-agent doesn't know to what transit stop to go. Removing agent from simulation. Agent 988139800
2020-01-28 05:17:08,366 ERROR TransitAgentImpl:99 pt-leg has no TransitRoute. Removing agent from simulation. Agent 1262074500
2020-01-28 05:17:08,366 ERROR TransitQSimEngine:176 pt-agent doesn't know to what transit stop to go. Removing agent from simulation. Agent 1262074500
2020-01-28 05:17:09,470 ERROR TransitAgentImpl:99 pt-leg has no TransitRoute. Removing agent from simulation. Agent 951591800
2020-01-28 05:17:09,470 ERROR TransitQSimEngine:176 pt-agent doesn't know to what transit stop to go. Removing agent from simulation. Agent 951591800
2020-01-28 05:17:09,913 ERROR TransitAgentImpl:99 pt-leg has no TransitRoute. Removing agent from simulation. Agent 839758901
2020-01-28 05:17:09,914 ERROR TransitQSimEngine:176 pt-agent doesn't know to what transit stop to go. Removing agent from simulation. Agent 839758901
2020-01-28 05:17:09,948 ERROR TransitAgentImpl:99 pt-leg has no TransitRoute. Removing agent from simulation. Agent 1302071000
2020-01-28 05:17:09,948 ERROR TransitQSimEngine:176 pt-agent doesn't know to what transit stop to go. Removing agent from simulation. Agent 1302071000
2020-01-28 05:17:10,243 ERROR TransitAgentImpl:99 pt-leg has no TransitRoute. Removing agent from simulation. Agent 758885500
2020-01-28 05:17:10,243 ERROR TransitQSimEngine:176 pt-agent doesn't know to what transit stop to go. Removing agent from simulation. Agent 758885500
2020-01-28 05:17:11,399 ERROR TransitAgentImpl:99 pt-leg has no TransitRoute. Removing agent from simulation. Agent 977899300
2020-01-28 05:17:11,399 ERROR TransitQSimEngine:176 pt-agent doesn't know to what transit stop to go. Removing agent from simulation. Agent 977899300
2020-01-28 05:17:12,551 ERROR TransitAgentImpl:99 pt-leg has no TransitRoute. Removing agent from simulation. Agent 1294021200
2020-01-28 05:17:12,551 ERROR TransitQSimEngine:176 pt-agent doesn't know to what transit stop to go. Removing agent from simulation. Agent 1294021200
2020-01-28 05:17:14,136 ERROR TransitAgentImpl:99 pt-leg has no TransitRoute. Removing agent from simulation. Agent 1051055600
2020-01-28 05:17:14,137 ERROR TransitQSimEngine:176 pt-agent doesn't know to what transit stop to go. Removing agent from simulation. Agent 1051055600
2020-01-28 05:17:15,467 ERROR TransitAgentImpl:99 pt-leg has no TransitRoute. Removing agent from simulation. Agent 1239934200
2020-01-28 05:17:15,467 ERROR TransitQSimEngine:176 pt-agent doesn't know to what transit stop to go. Removing agent from simulation. Agent 1239934200
2020-01-28 05:17:20,386 ERROR TransitAgentImpl:99 pt-leg has no TransitRoute. Removing agent from simulation. Agent 885996100
2020-01-28 05:17:20,387 ERROR TransitQSimEngine:176 pt-agent doesn't know to what transit stop to go. Removing agent from simulation. Agent 885996100
2020-01-28 05:17:25,882 ERROR TransitAgentImpl:99 pt-leg has no TransitRoute. Removing agent from simulation. Agent 1042781500
2020-01-28 05:17:25,883 ERROR TransitQSimEngine:176 pt-agent doesn't know to what transit stop to go. Removing agent from simulation. Agent 1042781500
2020-01-28 05:17:31,962 ERROR TransitAgentImpl:99 pt-leg has no TransitRoute. Removing agent from simulation. Agent 1542622900
2020-01-28 05:17:31,963 ERROR TransitQSimEngine:176 pt-agent doesn't know to what transit stop to go. Removing agent from simulation. Agent 1542622900
2020-01-28 05:17:37,656 ERROR BasicPlanAgentImpl:180 last activity of person driver agent id 1312735000 has end time < infty; setting it to infty
2020-01-28 05:17:37,657 ERROR BasicPlanAgentImpl:181  This message given only once.
2020-01-28 05:17:43,700 ERROR TransitAgentImpl:99 pt-leg has no TransitRoute. Removing agent from simulation. Agent 1030164100
2020-01-28 05:17:43,701 ERROR TransitQSimEngine:176 pt-agent doesn't know to what transit stop to go. Removing agent from simulation. Agent 1030164100
2020-01-28 05:18:36,698  WARN CharyparNagelActivityScoring:235 There are opening or closing times defined for the first and last activity. The correctness of the scoring function can thus not be guaranteed.
2020-01-28 05:18:36,698  WARN CharyparNagelActivityScoring:236 first activity: act [type=leisure][coord=null][linkId=35481][startTime=undefined][endTime=06:37:03][duration=undefined][facilityId=outside_20]
2020-01-28 05:18:36,698  WARN CharyparNagelActivityScoring:237 last activity: act [type=leisure][coord=null][linkId=35482][startTime=17:06:33][endTime=undefined][duration=undefined][facilityId=outside_58]
2020-01-28 05:18:40,833  WARN TourBasedModel:133 No feasible mode choice candidate for tour starting at trip 1 of agent 1080382000. Setting whole plan back to initial modes.
2020-01-28 05:18:40,834  WARN TourBasedModel:133 No feasible mode choice candidate for tour starting at trip 1 of agent 1149255700. Setting whole plan back to initial modes.
2020-01-28 05:18:40,911  WARN TourBasedModel:133 No feasible mode choice candidate for tour starting at trip 1 of agent 1018963300. Setting whole plan back to initial modes.
2020-01-28 05:18:41,433  WARN TourBasedModel:133 No feasible mode choice candidate for tour starting at trip 1 of agent 1353701100. Setting whole plan back to initial modes.
2020-01-28 05:18:41,485  WARN TourBasedModel:133 No feasible mode choice candidate for tour starting at trip 1 of agent 1059140500. Setting whole plan back to initial modes.
2020-01-28 05:18:41,515  WARN TourBasedModel:133 No feasible mode choice candidate for tour starting at trip 1 of agent 1209578100. Setting whole plan back to initial modes.
2020-01-28 05:18:41,840  WARN TourBasedModel:133 No feasible mode choice candidate for tour starting at trip 1 of agent 1255179600. Setting whole plan back to initial modes.
2020-01-28 05:18:41,873  WARN TourBasedModel:133 No feasible mode choice candidate for tour starting at trip 1 of agent 1319718400. Setting whole plan back to initial modes.
2020-01-28 05:18:41,901  WARN TourBasedModel:133 No feasible mode choice candidate for tour starting at trip 1 of agent 1239934200. Setting whole plan back to initial modes.
2020-01-28 05:18:42,095  WARN TourBasedModel:133 No feasible mode choice candidate for tour starting at trip 1 of agent 1037572000. Setting whole plan back to initial modes.
2020-01-28 05:18:42,262  WARN TourBasedModel:133 No feasible mode choice candidate for tour starting at trip 1 of agent 1472305200. Setting whole plan back to initial modes.
2020-01-28 05:18:42,381  WARN TourBasedModel:133 No feasible mode choice candidate for tour starting at trip 1 of agent 1071314100. Setting whole plan back to initial modes.
2020-01-28 05:18:42,415  WARN TourBasedModel:133 No feasible mode choice candidate for tour starting at trip 1 of agent 1138926300. Setting whole plan back to initial modes.
2020-01-28 05:18:42,755  WARN TourBasedModel:133 No feasible mode choice candidate for tour starting at trip 1 of agent 1280141800. Setting whole plan back to initial modes.
2020-01-28 05:18:42,807  WARN TourBasedModel:133 No feasible mode choice candidate for tour starting at trip 1 of agent 1335349001. Setting whole plan back to initial modes.
2020-01-28 05:18:42,826  WARN TourBasedModel:133 No feasible mode choice candidate for tour starting at trip 1 of agent 1344936700. Setting whole plan back to initial modes.
2020-01-28 05:18:42,908  WARN TourBasedModel:133 No feasible mode choice candidate for tour starting at trip 1 of agent 806796601. Setting whole plan back to initial modes.
2020-01-28 05:18:43,133  WARN TourBasedModel:133 No feasible mode choice candidate for tour starting at trip 1 of agent 872884100. Setting whole plan back to initial modes.
2020-01-28 05:18:43,310  WARN TourBasedModel:133 No feasible mode choice candidate for tour starting at trip 1 of agent 1493534300. Setting whole plan back to initial modes.
2020-01-28 05:18:45,389  WARN TourBasedModel:133 No feasible mode choice candidate for tour starting at trip 1 of agent 1442501400. Setting whole plan back to initial modes.
2020-01-28 05:18:45,438  WARN TourBasedModel:133 No feasible mode choice candidate for tour starting at trip 1 of agent 853111800. Setting whole plan back to initial modes.
2020-01-28 05:18:45,497  WARN TourBasedModel:133 No feasible mode choice candidate for tour starting at trip 1 of agent 915923600. Setting whole plan back to initial modes.
2020-01-28 05:18:45,906  WARN TourBasedModel:133 No feasible mode choice candidate for tour starting at trip 1 of agent 1591787301. Setting whole plan back to initial modes.
2020-01-28 05:18:46,270  WARN TourBasedModel:133 No feasible mode choice candidate for tour starting at trip 1 of agent 982409300. Setting whole plan back to initial modes.
2020-01-28 05:18:46,505  WARN TourBasedModel:133 No feasible mode choice candidate for tour starting at trip 1 of agent 1127018600. Setting whole plan back to initial modes.
2020-01-28 05:18:46,527  WARN TourBasedModel:133 No feasible mode choice candidate for tour starting at trip 1 of agent 775466100. Setting whole plan back to initial modes.
2020-01-28 05:18:46,546  WARN TourBasedModel:133 No feasible mode choice candidate for tour starting at trip 1 of agent 799700300. Setting whole plan back to initial modes.
2020-01-28 05:18:46,628  WARN TourBasedModel:133 No feasible mode choice candidate for tour starting at trip 1 of agent 977899300. Setting whole plan back to initial modes.
2020-01-28 05:18:46,881  WARN TourBasedModel:133 No feasible mode choice candidate for tour starting at trip 1 of agent 885996100. Setting whole plan back to initial modes.
2020-01-28 05:18:46,981  WARN TourBasedModel:133 No feasible mode choice candidate for tour starting at trip 1 of agent 1203027700. Setting whole plan back to initial modes.
2020-01-28 05:18:47,028  WARN TourBasedModel:133 No feasible mode choice candidate for tour starting at trip 1 of agent 1328662600. Setting whole plan back to initial modes.
2020-01-28 05:18:47,612  WARN TourBasedModel:133 No feasible mode choice candidate for tour starting at trip 1 of agent 867055800. Setting whole plan back to initial modes.
2020-01-28 05:18:47,624  WARN TourBasedModel:133 No feasible mode choice candidate for tour starting at trip 1 of agent 1312735000. Setting whole plan back to initial modes.
2020-01-28 05:18:47,629  WARN TourBasedModel:133 No feasible mode choice candidate for tour starting at trip 1 of agent 931976800. Setting whole plan back to initial modes.
2020-01-28 05:18:47,636  WARN TourBasedModel:133 No feasible mode choice candidate for tour starting at trip 1 of agent 1386604700. Setting whole plan back to initial modes.
2020-01-28 05:18:47,705  WARN TourBasedModel:133 No feasible mode choice candidate for tour starting at trip 1 of agent 1558558500. Setting whole plan back to initial modes.
2020-01-28 05:18:47,914  WARN TourBasedModel:133 No feasible mode choice candidate for tour starting at trip 1 of agent 767146800. Setting whole plan back to initial modes.
2020-01-28 05:18:48,011  WARN TourBasedModel:133 No feasible mode choice candidate for tour starting at trip 1 of agent 896857000. Setting whole plan back to initial modes.
2020-01-28 05:18:48,102  WARN TourBasedModel:133 No feasible mode choice candidate for tour starting at trip 1 of agent 1463049900. Setting whole plan back to initial modes.
2020-01-28 05:18:48,205  WARN TourBasedModel:133 No feasible mode choice candidate for tour starting at trip 1 of agent 880065600. Setting whole plan back to initial modes.
2020-01-28 05:18:54,887  WARN ObjectAttributesConverter:75 No AttributeConverter found for class java.util.HashMap. Not all attribute values can be converted.
2020-01-28 05:20:36,023  WARN CharyparNagelActivityScoring:235 There are opening or closing times defined for the first and last activity. The correctness of the scoring function can thus not be guaranteed.
2020-01-28 05:20:36,023  WARN CharyparNagelActivityScoring:236 first activity: act [type=leisure][coord=null][linkId=35481][startTime=undefined][endTime=06:37:03][duration=undefined][facilityId=outside_20]
2020-01-28 05:20:36,023  WARN CharyparNagelActivityScoring:237 last activity: act [type=leisure][coord=null][linkId=35482][startTime=17:06:35][endTime=undefined][duration=undefined][facilityId=outside_58]
2020-01-28 05:20:38,327  WARN TourBasedModel:133 No feasible mode choice candidate for tour starting at trip 1 of agent 1018963300. Setting whole plan back to initial modes.
2020-01-28 05:20:38,335  WARN TourBasedModel:133 No feasible mode choice candidate for tour starting at trip 1 of agent 1080382000. Setting whole plan back to initial modes.
2020-01-28 05:20:38,336  WARN TourBasedModel:133 No feasible mode choice candidate for tour starting at trip 1 of agent 1149255700. Setting whole plan back to initial modes.
2020-01-28 05:20:38,759  WARN TourBasedModel:133 No feasible mode choice candidate for tour starting at trip 1 of agent 1353701100. Setting whole plan back to initial modes.
2020-01-28 05:20:38,801  WARN TourBasedModel:133 No feasible mode choice candidate for tour starting at trip 1 of agent 1059140500. Setting whole plan back to initial modes.
2020-01-28 05:20:38,891  WARN TourBasedModel:133 No feasible mode choice candidate for tour starting at trip 1 of agent 1255179600. Setting whole plan back to initial modes.
2020-01-28 05:20:38,893  WARN TourBasedModel:133 No feasible mode choice candidate for tour starting at trip 1 of agent 1319718400. Setting whole plan back to initial modes.
2020-01-28 05:20:38,899  WARN TourBasedModel:133 No feasible mode choice candidate for tour starting at trip 1 of agent 1209578100. Setting whole plan back to initial modes.
2020-01-28 05:20:38,995  WARN TourBasedModel:133 No feasible mode choice candidate for tour starting at trip 1 of agent 1239934200. Setting whole plan back to initial modes.
2020-01-28 05:20:39,200  WARN TourBasedModel:133 No feasible mode choice candidate for tour starting at trip 1 of agent 1472305200. Setting whole plan back to initial modes.
2020-01-28 05:20:39,227  WARN TourBasedModel:133 No feasible mode choice candidate for tour starting at trip 1 of agent 1037572000. Setting whole plan back to initial modes.
2020-01-28 05:20:39,238  WARN TourBasedModel:133 No feasible mode choice candidate for tour starting at trip 1 of agent 1530625900. Setting whole plan back to initial modes.
2020-01-28 05:20:39,240  WARN TourBasedModel:133 No feasible mode choice candidate for tour starting at trip 1 of agent 1071314100. Setting whole plan back to initial modes.
2020-01-28 05:20:39,267  WARN TourBasedModel:133 No feasible mode choice candidate for tour starting at trip 1 of agent 1138926300. Setting whole plan back to initial modes.
2020-01-28 05:20:39,529  WARN TourBasedModel:133 No feasible mode choice candidate for tour starting at trip 1 of agent 1280141800. Setting whole plan back to initial modes.
2020-01-28 05:20:39,660  WARN TourBasedModel:133 No feasible mode choice candidate for tour starting at trip 1 of agent 1344936700. Setting whole plan back to initial modes.
2020-01-28 05:20:39,759  WARN TourBasedModel:133 No feasible mode choice candidate for tour starting at trip 1 of agent 1335349001. Setting whole plan back to initial modes.
2020-01-28 05:20:39,802  WARN TourBasedModel:133 No feasible mode choice candidate for tour starting at trip 1 of agent 806796601. Setting whole plan back to initial modes.
2020-01-28 05:20:39,976  WARN TourBasedModel:133 No feasible mode choice candidate for tour starting at trip 1 of agent 872884100. Setting whole plan back to initial modes.
2020-01-28 05:20:40,202  WARN TourBasedModel:133 No feasible mode choice candidate for tour starting at trip 1 of agent 1493534300. Setting whole plan back to initial modes.
2020-01-28 05:20:40,399  WARN TourBasedModel:133 No feasible mode choice candidate for tour starting at trip 1 of agent 1442501400. Setting whole plan back to initial modes.
2020-01-28 05:20:40,413  WARN TourBasedModel:133 No feasible mode choice candidate for tour starting at trip 1 of agent 853111800. Setting whole plan back to initial modes.
2020-01-28 05:20:40,451  WARN TourBasedModel:133 No feasible mode choice candidate for tour starting at trip 1 of agent 915923600. Setting whole plan back to initial modes.
2020-01-28 05:20:40,981  WARN TourBasedModel:133 No feasible mode choice candidate for tour starting at trip 1 of agent 982409300. Setting whole plan back to initial modes.
2020-01-28 05:20:41,070  WARN TourBasedModel:133 No feasible mode choice candidate for tour starting at trip 1 of agent 1591787301. Setting whole plan back to initial modes.
2020-01-28 05:20:41,219  WARN TourBasedModel:133 No feasible mode choice candidate for tour starting at trip 1 of agent 1127018600. Setting whole plan back to initial modes.
2020-01-28 05:20:41,431  WARN TourBasedModel:133 No feasible mode choice candidate for tour starting at trip 1 of agent 775466100. Setting whole plan back to initial modes.
2020-01-28 05:20:41,489  WARN TourBasedModel:133 No feasible mode choice candidate for tour starting at trip 1 of agent 885996100. Setting whole plan back to initial modes.
2020-01-28 05:20:41,559  WARN TourBasedModel:133 No feasible mode choice candidate for tour starting at trip 1 of agent 977899300. Setting whole plan back to initial modes.
2020-01-28 05:20:41,600  WARN TourBasedModel:133 No feasible mode choice candidate for tour starting at trip 1 of agent 799700300. Setting whole plan back to initial modes.
2020-01-28 05:20:41,711  WARN TourBasedModel:133 No feasible mode choice candidate for tour starting at trip 1 of agent 1203027700. Setting whole plan back to initial modes.
2020-01-28 05:20:41,754  WARN TourBasedModel:133 No feasible mode choice candidate for tour starting at trip 1 of agent 1328662600. Setting whole plan back to initial modes.
2020-01-28 05:20:41,755  WARN TourBasedModel:133 No feasible mode choice candidate for tour starting at trip 1 of agent 1407693700. Setting whole plan back to initial modes.
2020-01-28 05:20:42,603  WARN TourBasedModel:133 No feasible mode choice candidate for tour starting at trip 1 of agent 1312735000. Setting whole plan back to initial modes.
2020-01-28 05:20:42,623  WARN TourBasedModel:133 No feasible mode choice candidate for tour starting at trip 1 of agent 1386604700. Setting whole plan back to initial modes.
2020-01-28 05:20:42,637  WARN TourBasedModel:133 No feasible mode choice candidate for tour starting at trip 1 of agent 1558558500. Setting whole plan back to initial modes.
2020-01-28 05:20:42,650  WARN TourBasedModel:133 No feasible mode choice candidate for tour starting at trip 1 of agent 867055800. Setting whole plan back to initial modes.
2020-01-28 05:20:42,683  WARN TourBasedModel:133 No feasible mode choice candidate for tour starting at trip 1 of agent 931976800. Setting whole plan back to initial modes.
2020-01-28 05:20:42,914  WARN TourBasedModel:133 No feasible mode choice candidate for tour starting at trip 1 of agent 896857000. Setting whole plan back to initial modes.
2020-01-28 05:20:43,024  WARN TourBasedModel:133 No feasible mode choice candidate for tour starting at trip 1 of agent 1463049900. Setting whole plan back to initial modes.
2020-01-28 05:20:43,055  WARN TourBasedModel:133 No feasible mode choice candidate for tour starting at trip 1 of agent 1607316900. Setting whole plan back to initial modes.
2020-01-28 05:20:43,165  WARN TourBasedModel:133 No feasible mode choice candidate for tour starting at trip 1 of agent 880065600. Setting whole plan back to initial modes.
