2019-07-16 09:37:14,760 ERROR TransitAgentImpl:99 pt-leg has no TransitRoute. Removing agent from simulation. Agent 1255179600
2019-07-16 09:37:14,760 ERROR TransitQSimEngine:175 pt-agent doesn't know to what transit stop to go. Removing agent from simulation. Agent 1255179600
2019-07-16 09:37:14,824 ERROR TransitAgentImpl:99 pt-leg has no TransitRoute. Removing agent from simulation. Agent 1558558500
2019-07-16 09:37:14,825 ERROR TransitQSimEngine:175 pt-agent doesn't know to what transit stop to go. Removing agent from simulation. Agent 1558558500
2019-07-16 09:37:14,934 ERROR TransitAgentImpl:99 pt-leg has no TransitRoute. Removing agent from simulation. Agent 1344936700
2019-07-16 09:37:14,936 ERROR TransitQSimEngine:175 pt-agent doesn't know to what transit stop to go. Removing agent from simulation. Agent 1344936700
2019-07-16 09:37:14,980 ERROR TransitAgentImpl:99 pt-leg has no TransitRoute. Removing agent from simulation. Agent 1552656100
2019-07-16 09:37:14,980 ERROR TransitQSimEngine:175 pt-agent doesn't know to what transit stop to go. Removing agent from simulation. Agent 1552656100
2019-07-16 09:37:15,165 ERROR TransitAgentImpl:99 pt-leg has no TransitRoute. Removing agent from simulation. Agent 1217307500
2019-07-16 09:37:15,165 ERROR TransitQSimEngine:175 pt-agent doesn't know to what transit stop to go. Removing agent from simulation. Agent 1217307500
2019-07-16 09:37:15,229 ERROR TransitAgentImpl:99 pt-leg has no TransitRoute. Removing agent from simulation. Agent 1088459100
2019-07-16 09:37:15,229 ERROR TransitQSimEngine:175 pt-agent doesn't know to what transit stop to go. Removing agent from simulation. Agent 1088459100
2019-07-16 09:37:15,265 ERROR TransitAgentImpl:99 pt-leg has no TransitRoute. Removing agent from simulation. Agent 923040100
2019-07-16 09:37:15,265 ERROR TransitQSimEngine:175 pt-agent doesn't know to what transit stop to go. Removing agent from simulation. Agent 923040100
2019-07-16 09:37:15,329 ERROR TransitAgentImpl:99 pt-leg has no TransitRoute. Removing agent from simulation. Agent 982409300
2019-07-16 09:37:15,330 ERROR TransitQSimEngine:175 pt-agent doesn't know to what transit stop to go. Removing agent from simulation. Agent 982409300
2019-07-16 09:37:15,376 ERROR TransitAgentImpl:99 pt-leg has no TransitRoute. Removing agent from simulation. Agent 1566653800
2019-07-16 09:37:15,376 ERROR TransitQSimEngine:175 pt-agent doesn't know to what transit stop to go. Removing agent from simulation. Agent 1566653800
2019-07-16 09:37:15,531 ERROR TransitAgentImpl:99 pt-leg has no TransitRoute. Removing agent from simulation. Agent 872884100
2019-07-16 09:37:15,531 ERROR TransitQSimEngine:175 pt-agent doesn't know to what transit stop to go. Removing agent from simulation. Agent 872884100
2019-07-16 09:37:15,766 ERROR TransitAgentImpl:99 pt-leg has no TransitRoute. Removing agent from simulation. Agent 1037572000
2019-07-16 09:37:15,767 ERROR TransitQSimEngine:175 pt-agent doesn't know to what transit stop to go. Removing agent from simulation. Agent 1037572000
2019-07-16 09:37:15,780 ERROR TransitAgentImpl:99 pt-leg has no TransitRoute. Removing agent from simulation. Agent 1576858300
2019-07-16 09:37:15,780 ERROR TransitQSimEngine:175 pt-agent doesn't know to what transit stop to go. Removing agent from simulation. Agent 1576858300
2019-07-16 09:37:16,043 ERROR TransitAgentImpl:99 pt-leg has no TransitRoute. Removing agent from simulation. Agent 867055800
2019-07-16 09:37:16,043 ERROR TransitQSimEngine:175 pt-agent doesn't know to what transit stop to go. Removing agent from simulation. Agent 867055800
2019-07-16 09:37:16,071 ERROR TransitAgentImpl:99 pt-leg has no TransitRoute. Removing agent from simulation. Agent 1059140500
2019-07-16 09:37:16,071 ERROR TransitQSimEngine:175 pt-agent doesn't know to what transit stop to go. Removing agent from simulation. Agent 1059140500
2019-07-16 09:37:16,085 ERROR TransitAgentImpl:99 pt-leg has no TransitRoute. Removing agent from simulation. Agent 1007897600
2019-07-16 09:37:16,085 ERROR TransitQSimEngine:175 pt-agent doesn't know to what transit stop to go. Removing agent from simulation. Agent 1007897600
2019-07-16 09:37:16,117 ERROR TransitAgentImpl:99 pt-leg has no TransitRoute. Removing agent from simulation. Agent 988139800
2019-07-16 09:37:16,118 ERROR TransitQSimEngine:175 pt-agent doesn't know to what transit stop to go. Removing agent from simulation. Agent 988139800
2019-07-16 09:37:16,145 ERROR TransitAgentImpl:99 pt-leg has no TransitRoute. Removing agent from simulation. Agent 1262074500
2019-07-16 09:37:16,145 ERROR TransitQSimEngine:175 pt-agent doesn't know to what transit stop to go. Removing agent from simulation. Agent 1262074500
2019-07-16 09:37:16,355 ERROR TransitAgentImpl:99 pt-leg has no TransitRoute. Removing agent from simulation. Agent 951591800
2019-07-16 09:37:16,355 ERROR TransitQSimEngine:175 pt-agent doesn't know to what transit stop to go. Removing agent from simulation. Agent 951591800
2019-07-16 09:37:16,429 ERROR TransitAgentImpl:99 pt-leg has no TransitRoute. Removing agent from simulation. Agent 839758901
2019-07-16 09:37:16,430 ERROR TransitQSimEngine:175 pt-agent doesn't know to what transit stop to go. Removing agent from simulation. Agent 839758901
2019-07-16 09:37:16,436 ERROR TransitAgentImpl:99 pt-leg has no TransitRoute. Removing agent from simulation. Agent 1302071000
2019-07-16 09:37:16,436 ERROR TransitQSimEngine:175 pt-agent doesn't know to what transit stop to go. Removing agent from simulation. Agent 1302071000
2019-07-16 09:37:16,483 ERROR TransitAgentImpl:99 pt-leg has no TransitRoute. Removing agent from simulation. Agent 758885500
2019-07-16 09:37:16,483 ERROR TransitQSimEngine:175 pt-agent doesn't know to what transit stop to go. Removing agent from simulation. Agent 758885500
2019-07-16 09:37:16,703 ERROR TransitAgentImpl:99 pt-leg has no TransitRoute. Removing agent from simulation. Agent 977899300
2019-07-16 09:37:16,703 ERROR TransitQSimEngine:175 pt-agent doesn't know to what transit stop to go. Removing agent from simulation. Agent 977899300
2019-07-16 09:37:16,913 ERROR TransitAgentImpl:99 pt-leg has no TransitRoute. Removing agent from simulation. Agent 1294021200
2019-07-16 09:37:16,913 ERROR TransitQSimEngine:175 pt-agent doesn't know to what transit stop to go. Removing agent from simulation. Agent 1294021200
2019-07-16 09:37:17,211 ERROR TransitAgentImpl:99 pt-leg has no TransitRoute. Removing agent from simulation. Agent 1051055600
2019-07-16 09:37:17,211 ERROR TransitQSimEngine:175 pt-agent doesn't know to what transit stop to go. Removing agent from simulation. Agent 1051055600
2019-07-16 09:37:17,454 ERROR TransitAgentImpl:99 pt-leg has no TransitRoute. Removing agent from simulation. Agent 1239934200
2019-07-16 09:37:17,454 ERROR TransitQSimEngine:175 pt-agent doesn't know to what transit stop to go. Removing agent from simulation. Agent 1239934200
2019-07-16 09:37:18,222 ERROR TransitAgentImpl:99 pt-leg has no TransitRoute. Removing agent from simulation. Agent 885996100
2019-07-16 09:37:18,222 ERROR TransitQSimEngine:175 pt-agent doesn't know to what transit stop to go. Removing agent from simulation. Agent 885996100
2019-07-16 09:37:19,098 ERROR TransitAgentImpl:99 pt-leg has no TransitRoute. Removing agent from simulation. Agent 1042781500
2019-07-16 09:37:19,098 ERROR TransitQSimEngine:175 pt-agent doesn't know to what transit stop to go. Removing agent from simulation. Agent 1042781500
2019-07-16 09:37:20,065 ERROR TransitAgentImpl:99 pt-leg has no TransitRoute. Removing agent from simulation. Agent 1542622900
2019-07-16 09:37:20,066 ERROR TransitQSimEngine:175 pt-agent doesn't know to what transit stop to go. Removing agent from simulation. Agent 1542622900
2019-07-16 09:37:20,900 ERROR BasicPlanAgentImpl:159 last activity of person driver agent id 1312735000 has end time < infty; setting it to infty
2019-07-16 09:37:20,900 ERROR BasicPlanAgentImpl:160  This message given only once.
2019-07-16 09:37:21,954 ERROR TransitAgentImpl:99 pt-leg has no TransitRoute. Removing agent from simulation. Agent 1030164100
2019-07-16 09:37:21,954 ERROR TransitQSimEngine:175 pt-agent doesn't know to what transit stop to go. Removing agent from simulation. Agent 1030164100
2019-07-16 09:37:29,332  WARN CharyparNagelActivityScoring:235 There are opening or closing times defined for the first and last activity. The correctness of the scoring function can thus not be guaranteed.
2019-07-16 09:37:29,332  WARN CharyparNagelActivityScoring:236 first activity: [type=leisure][coord=null][linkId=35481][startTime=undefined][endTime=06:37:03][duration=undefined][facilityId=outside_20]
2019-07-16 09:37:29,332  WARN CharyparNagelActivityScoring:237 last activity: [type=leisure][coord=null][linkId=35482][startTime=17:06:33][endTime=undefined][duration=undefined][facilityId=outside_58]
